TN:
SF:src/components/ThemeSwitcher.tsx
FN:15,ThemeSwitcher
FN:19,(anonymous_1)
FN:31,(anonymous_2)
FN:53,(anonymous_3)
FNF:4
FNH:3
FNDA:21,ThemeSwitcher
FNDA:10,(anonymous_1)
FNDA:11,(anonymous_2)
FNDA:0,(anonymous_3)
DA:16,21
DA:17,21
DA:19,21
DA:20,10
DA:23,21
DA:24,10
DA:31,11
DA:32,11
DA:33,10
DA:34,9
DA:37,11
DA:54,0
LF:12
LH:11
BRDA:23,0,0,10
BRDA:23,0,1,11
BRDA:32,1,0,1
BRDA:32,1,1,10
BRDA:33,2,0,1
BRDA:33,2,1,9
BRF:6
BRH:6
end_of_record
TN:
SF:src/components/theme-provider.tsx
FN:9,ThemeProvider
FNF:1
FNH:1
FNDA:1,ThemeProvider
DA:10,1
LF:1
LH:1
BRF:0
BRH:0
end_of_record
TN:
SF:src/lib/mock-data.ts
FN:4,(anonymous_0)
FN:16,(anonymous_1)
FN:198,(anonymous_2)
FNF:3
FNH:3
FNDA:11,(anonymous_0)
FNDA:88,(anonymous_1)
FNDA:2,(anonymous_2)
DA:4,3
DA:5,11
DA:6,11
DA:7,11
DA:10,11
DA:11,11
DA:12,11
DA:13,11
DA:16,11
DA:17,88
DA:18,88
DA:19,88
DA:23,11
DA:24,11
DA:25,11
DA:26,11
DA:27,11
DA:28,11
DA:31,11
DA:32,11
DA:33,11
DA:34,11
DA:37,11
DA:38,11
DA:39,11
DA:40,11
DA:41,11
DA:43,11
DA:198,3
DA:199,2
LF:30
LH:30
BRF:0
BRH:0
end_of_record
TN:
SF:src/lib/types.ts
FNF:0
FNH:0
DA:85,1
DA:92,1
LF:2
LH:2
BRF:0
BRH:0
end_of_record
TN:
SF:src/lib/utils.ts
FN:4,cn
FNF:1
FNH:1
FNDA:456,cn
DA:5,456
LF:1
LH:1
BRF:0
BRH:0
end_of_record
